C51 COMPILER V9.02   FOUR_SEGMENT                                                          03/10/2025 09:45:55 PAGE 1   


C51 COMPILER V9.02, COMPILATION OF MODULE FOUR_SEGMENT
OBJECT MODULE PLACED IN four_segment.OBJ
COMPILER INVOKED BY: C:\KeilMC\C51\BIN\C51.EXE four_segment.c BROWSE DEBUG OBJECTEXTEND

line level    source

   1          #include <reg51.h>
   2          #define LED P0
   3          sbit SW1=P1^0;
   4          sbit SW2=P1^1;
   5          sbit SW3=P1^2;
   6          sbit SW4=P1^3;
   7          void delay(unsigned int);
   8          void main()
   9          {
  10   1      unsigned char ch[]={0x3F,0x06,0x5B,0x4F,0x66,0x6D,0x7D,0x7F,0x6F};
  11   1      while (1){
  12   2      unsigned int i;
  13   2      LED=0x00;
  14   2      for (i=1;i<5;i++){
  15   3      if (i==1){
  16   4      SW1=0;
  17   4      LED=ch[i];
  18   4      delay (1);
  19   4      SW1=1;
  20   4      }
  21   3      else if (i==2){
  22   4      SW2=0;
  23   4      LED=ch[i];
  24   4      delay (1);
  25   4      SW2=1;
  26   4      }
  27   3      else if (i==3){
  28   4      SW3=0;
  29   4      LED=ch[i];
  30   4      delay (1);
  31   4      SW3=1;
  32   4      }
  33   3      else{
  34   4      SW4=0;
  35   4      LED=ch[i];
  36   4      delay (1);
  37   4      SW4=1;
  38   4      }
  39   3      }
  40   2      }
  41   1      }
  42          void delay (unsigned int d)
  43          {
  44   1      unsigned int i,j;
  45   1      for (i=0;i<d;i++)
  46   1      for (j=0;j<1275;j++);
  47   1      }


MODULE INFORMATION:   STATIC OVERLAYABLE
   CODE SIZE        =    149    ----
   CONSTANT SIZE    =      9    ----
   XDATA SIZE       =   ----    ----
   PDATA SIZE       =   ----    ----
   DATA SIZE        =   ----      11
C51 COMPILER V9.02   FOUR_SEGMENT                                                          03/10/2025 09:45:55 PAGE 2   

   IDATA SIZE       =   ----    ----
   BIT SIZE         =   ----    ----
END OF MODULE INFORMATION.


C51 COMPILATION COMPLETE.  0 WARNING(S),  0 ERROR(S)
