C51 COMPILER V9.02   SEVEN_SEGMENT                                                         03/10/2025 09:19:16 PAGE 1   


C51 COMPILER V9.02, COMPILATION OF MODULE SEVEN_SEGMENT
OBJECT MODULE PLACED IN seven_segment.OBJ
COMPILER INVOKED BY: C:\KeilMC\C51\BIN\C51.EXE seven_segment.c BROWSE DEBUG OBJECTEXTEND

line level    source

   1          #include <reg51.h>
   2          #define LED P0
   3          sbit SW1=P1^0;
   4          void delay(unsigned int);
   5          void main()
   6          {
   7   1      unsigned char ch[]={0x3F,0x06,0x5B,0x4F,0x66,0x6D,0x7D,0x07,0x7F,0x6F};
   8   1      int i;
   9   1      LED=0x00;
  10   1      SW1=0;
  11   1      while(1){
  12   2      for (i=0;i<10;i++){
  13   3      LED=ch[i];
  14   3      delay (250);
  15   3      }
  16   2      }
  17   1      }
  18          void delay (unsigned int d)
  19          { 
  20   1      unsigned int i,j;
  21   1      for (i=0;i<d;i++)
  22   1      for (j=0;j<1275;j++);
  23   1      }


MODULE INFORMATION:   STATIC OVERLAYABLE
   CODE SIZE        =     97    ----
   CONSTANT SIZE    =     10    ----
   XDATA SIZE       =   ----    ----
   PDATA SIZE       =   ----    ----
   DATA SIZE        =   ----      12
   IDATA SIZE       =   ----    ----
   BIT SIZE         =   ----    ----
END OF MODULE INFORMATION.


C51 COMPILATION COMPLETE.  0 WARNING(S),  0 ERROR(S)
